ARM GAS  C:\Users\denis\AppData\Local\Temp\ccyLdcWN.s 			page 1


   1              		.cpu cortex-m4
   2              		.arch armv7e-m
   3              		.fpu fpv4-sp-d16
   4              		.eabi_attribute 27, 1
   5              		.eabi_attribute 28, 1
   6              		.eabi_attribute 20, 1
   7              		.eabi_attribute 21, 1
   8              		.eabi_attribute 23, 3
   9              		.eabi_attribute 24, 1
  10              		.eabi_attribute 25, 1
  11              		.eabi_attribute 26, 1
  12              		.eabi_attribute 30, 1
  13              		.eabi_attribute 34, 1
  14              		.eabi_attribute 18, 4
  15              		.file	"gpio.c"
  16              		.text
  17              	.Ltext0:
  18              		.cfi_sections	.debug_frame
  19              		.file 1 "Core/Src/gpio.c"
  20              		.section	.text.MX_GPIO_Init,"ax",%progbits
  21              		.align	1
  22              		.global	MX_GPIO_Init
  23              		.syntax unified
  24              		.thumb
  25              		.thumb_func
  27              	MX_GPIO_Init:
  28              	.LFB134:
   1:Core/Src/gpio.c **** /* USER CODE BEGIN Header */
   2:Core/Src/gpio.c **** /**
   3:Core/Src/gpio.c ****   ******************************************************************************
   4:Core/Src/gpio.c ****   * @file    gpio.c
   5:Core/Src/gpio.c ****   * @brief   This file provides code for the configuration
   6:Core/Src/gpio.c ****   *          of all used GPIO pins.
   7:Core/Src/gpio.c ****   ******************************************************************************
   8:Core/Src/gpio.c ****   * @attention
   9:Core/Src/gpio.c ****   *
  10:Core/Src/gpio.c ****   * Copyright (c) 2025 STMicroelectronics.
  11:Core/Src/gpio.c ****   * All rights reserved.
  12:Core/Src/gpio.c ****   *
  13:Core/Src/gpio.c ****   * This software is licensed under terms that can be found in the LICENSE file
  14:Core/Src/gpio.c ****   * in the root directory of this software component.
  15:Core/Src/gpio.c ****   * If no LICENSE file comes with this software, it is provided AS-IS.
  16:Core/Src/gpio.c ****   *
  17:Core/Src/gpio.c ****   ******************************************************************************
  18:Core/Src/gpio.c ****   */
  19:Core/Src/gpio.c **** /* USER CODE END Header */
  20:Core/Src/gpio.c **** 
  21:Core/Src/gpio.c **** /* Includes ------------------------------------------------------------------*/
  22:Core/Src/gpio.c **** #include "gpio.h"
  23:Core/Src/gpio.c **** 
  24:Core/Src/gpio.c **** /* USER CODE BEGIN 0 */
  25:Core/Src/gpio.c **** 
  26:Core/Src/gpio.c **** /* USER CODE END 0 */
  27:Core/Src/gpio.c **** 
  28:Core/Src/gpio.c **** /*----------------------------------------------------------------------------*/
  29:Core/Src/gpio.c **** /* Configure GPIO                                                             */
  30:Core/Src/gpio.c **** /*----------------------------------------------------------------------------*/
ARM GAS  C:\Users\denis\AppData\Local\Temp\ccyLdcWN.s 			page 2


  31:Core/Src/gpio.c **** /* USER CODE BEGIN 1 */
  32:Core/Src/gpio.c **** 
  33:Core/Src/gpio.c **** /* USER CODE END 1 */
  34:Core/Src/gpio.c **** 
  35:Core/Src/gpio.c **** /** Configure pins as
  36:Core/Src/gpio.c ****         * Analog
  37:Core/Src/gpio.c ****         * Input
  38:Core/Src/gpio.c ****         * Output
  39:Core/Src/gpio.c ****         * EVENT_OUT
  40:Core/Src/gpio.c ****         * EXTI
  41:Core/Src/gpio.c ****      PA8   ------> RCC_MCO_1
  42:Core/Src/gpio.c **** */
  43:Core/Src/gpio.c **** void MX_GPIO_Init(void)
  44:Core/Src/gpio.c **** {
  29              		.loc 1 44 1 view -0
  30              		.cfi_startproc
  31              		@ args = 0, pretend = 0, frame = 32
  32              		@ frame_needed = 0, uses_anonymous_args = 0
  33 0000 70B5     		push	{r4, r5, r6, lr}
  34              	.LCFI0:
  35              		.cfi_def_cfa_offset 16
  36              		.cfi_offset 4, -16
  37              		.cfi_offset 5, -12
  38              		.cfi_offset 6, -8
  39              		.cfi_offset 14, -4
  40 0002 88B0     		sub	sp, sp, #32
  41              	.LCFI1:
  42              		.cfi_def_cfa_offset 48
  45:Core/Src/gpio.c **** 
  46:Core/Src/gpio.c ****   GPIO_InitTypeDef GPIO_InitStruct = {0};
  43              		.loc 1 46 3 view .LVU1
  44              		.loc 1 46 20 is_stmt 0 view .LVU2
  45 0004 03AD     		add	r5, sp, #12
  46 0006 0024     		movs	r4, #0
  47 0008 0394     		str	r4, [sp, #12]
  48 000a 0494     		str	r4, [sp, #16]
  49 000c 0594     		str	r4, [sp, #20]
  50 000e 0694     		str	r4, [sp, #24]
  51 0010 0794     		str	r4, [sp, #28]
  47:Core/Src/gpio.c **** 
  48:Core/Src/gpio.c ****   /* GPIO Ports Clock Enable */
  49:Core/Src/gpio.c ****   __HAL_RCC_GPIOH_CLK_ENABLE();
  52              		.loc 1 49 3 is_stmt 1 view .LVU3
  53              	.LBB2:
  54              		.loc 1 49 3 view .LVU4
  55 0012 0194     		str	r4, [sp, #4]
  56              		.loc 1 49 3 view .LVU5
  57 0014 184B     		ldr	r3, .L3
  58 0016 1A6B     		ldr	r2, [r3, #48]
  59 0018 42F08002 		orr	r2, r2, #128
  60 001c 1A63     		str	r2, [r3, #48]
  61              		.loc 1 49 3 view .LVU6
  62 001e 1A6B     		ldr	r2, [r3, #48]
  63 0020 02F08002 		and	r2, r2, #128
  64 0024 0192     		str	r2, [sp, #4]
  65              		.loc 1 49 3 view .LVU7
  66 0026 019A     		ldr	r2, [sp, #4]
ARM GAS  C:\Users\denis\AppData\Local\Temp\ccyLdcWN.s 			page 3


  67              	.LBE2:
  68              		.loc 1 49 3 view .LVU8
  50:Core/Src/gpio.c ****   __HAL_RCC_GPIOA_CLK_ENABLE();
  69              		.loc 1 50 3 view .LVU9
  70              	.LBB3:
  71              		.loc 1 50 3 view .LVU10
  72 0028 0294     		str	r4, [sp, #8]
  73              		.loc 1 50 3 view .LVU11
  74 002a 1A6B     		ldr	r2, [r3, #48]
  75 002c 42F00102 		orr	r2, r2, #1
  76 0030 1A63     		str	r2, [r3, #48]
  77              		.loc 1 50 3 view .LVU12
  78 0032 1B6B     		ldr	r3, [r3, #48]
  79 0034 03F00103 		and	r3, r3, #1
  80 0038 0293     		str	r3, [sp, #8]
  81              		.loc 1 50 3 view .LVU13
  82 003a 029B     		ldr	r3, [sp, #8]
  83              	.LBE3:
  84              		.loc 1 50 3 view .LVU14
  51:Core/Src/gpio.c **** 
  52:Core/Src/gpio.c ****   /*Configure GPIO pin Output Level */
  53:Core/Src/gpio.c ****   HAL_GPIO_WritePin(GPIOA, GPIO_PIN_2|GPIO_PIN_3|GPIO_PIN_4, GPIO_PIN_RESET);
  85              		.loc 1 53 3 view .LVU15
  86 003c 0F4E     		ldr	r6, .L3+4
  87 003e 2246     		mov	r2, r4
  88 0040 1C21     		movs	r1, #28
  89 0042 3046     		mov	r0, r6
  90 0044 FFF7FEFF 		bl	HAL_GPIO_WritePin
  91              	.LVL0:
  54:Core/Src/gpio.c **** 
  55:Core/Src/gpio.c ****   /*Configure GPIO pins : PA2 PA3 PA4 */
  56:Core/Src/gpio.c ****   GPIO_InitStruct.Pin = GPIO_PIN_2|GPIO_PIN_3|GPIO_PIN_4;
  92              		.loc 1 56 3 view .LVU16
  93              		.loc 1 56 23 is_stmt 0 view .LVU17
  94 0048 1C23     		movs	r3, #28
  95 004a 0393     		str	r3, [sp, #12]
  57:Core/Src/gpio.c ****   GPIO_InitStruct.Mode = GPIO_MODE_OUTPUT_PP;
  96              		.loc 1 57 3 is_stmt 1 view .LVU18
  97              		.loc 1 57 24 is_stmt 0 view .LVU19
  98 004c 0123     		movs	r3, #1
  99 004e 0493     		str	r3, [sp, #16]
  58:Core/Src/gpio.c ****   GPIO_InitStruct.Pull = GPIO_NOPULL;
 100              		.loc 1 58 3 is_stmt 1 view .LVU20
 101              		.loc 1 58 24 is_stmt 0 view .LVU21
 102 0050 0594     		str	r4, [sp, #20]
  59:Core/Src/gpio.c ****   GPIO_InitStruct.Speed = GPIO_SPEED_FREQ_LOW;
 103              		.loc 1 59 3 is_stmt 1 view .LVU22
 104              		.loc 1 59 25 is_stmt 0 view .LVU23
 105 0052 0694     		str	r4, [sp, #24]
  60:Core/Src/gpio.c ****   HAL_GPIO_Init(GPIOA, &GPIO_InitStruct);
 106              		.loc 1 60 3 is_stmt 1 view .LVU24
 107 0054 2946     		mov	r1, r5
 108 0056 3046     		mov	r0, r6
 109 0058 FFF7FEFF 		bl	HAL_GPIO_Init
 110              	.LVL1:
  61:Core/Src/gpio.c **** 
  62:Core/Src/gpio.c ****   /*Configure GPIO pin : PA8 */
ARM GAS  C:\Users\denis\AppData\Local\Temp\ccyLdcWN.s 			page 4


  63:Core/Src/gpio.c ****   GPIO_InitStruct.Pin = GPIO_PIN_8;
 111              		.loc 1 63 3 view .LVU25
 112              		.loc 1 63 23 is_stmt 0 view .LVU26
 113 005c 4FF48073 		mov	r3, #256
 114 0060 0393     		str	r3, [sp, #12]
  64:Core/Src/gpio.c ****   GPIO_InitStruct.Mode = GPIO_MODE_AF_PP;
 115              		.loc 1 64 3 is_stmt 1 view .LVU27
 116              		.loc 1 64 24 is_stmt 0 view .LVU28
 117 0062 0223     		movs	r3, #2
 118 0064 0493     		str	r3, [sp, #16]
  65:Core/Src/gpio.c ****   GPIO_InitStruct.Pull = GPIO_NOPULL;
 119              		.loc 1 65 3 is_stmt 1 view .LVU29
 120              		.loc 1 65 24 is_stmt 0 view .LVU30
 121 0066 0594     		str	r4, [sp, #20]
  66:Core/Src/gpio.c ****   GPIO_InitStruct.Speed = GPIO_SPEED_FREQ_LOW;
 122              		.loc 1 66 3 is_stmt 1 view .LVU31
 123              		.loc 1 66 25 is_stmt 0 view .LVU32
 124 0068 0694     		str	r4, [sp, #24]
  67:Core/Src/gpio.c ****   GPIO_InitStruct.Alternate = GPIO_AF0_MCO;
 125              		.loc 1 67 3 is_stmt 1 view .LVU33
 126              		.loc 1 67 29 is_stmt 0 view .LVU34
 127 006a 0794     		str	r4, [sp, #28]
  68:Core/Src/gpio.c ****   HAL_GPIO_Init(GPIOA, &GPIO_InitStruct);
 128              		.loc 1 68 3 is_stmt 1 view .LVU35
 129 006c 2946     		mov	r1, r5
 130 006e 3046     		mov	r0, r6
 131 0070 FFF7FEFF 		bl	HAL_GPIO_Init
 132              	.LVL2:
  69:Core/Src/gpio.c **** 
  70:Core/Src/gpio.c **** }
 133              		.loc 1 70 1 is_stmt 0 view .LVU36
 134 0074 08B0     		add	sp, sp, #32
 135              	.LCFI2:
 136              		.cfi_def_cfa_offset 16
 137              		@ sp needed
 138 0076 70BD     		pop	{r4, r5, r6, pc}
 139              	.L4:
 140              		.align	2
 141              	.L3:
 142 0078 00380240 		.word	1073887232
 143 007c 00000240 		.word	1073872896
 144              		.cfi_endproc
 145              	.LFE134:
 147              		.text
 148              	.Letext0:
 149              		.file 2 "C:/Program Files (x86)/Arm GNU Toolchain arm-none-eabi/14.2 rel1/arm-none-eabi/include/ma
 150              		.file 3 "C:/Program Files (x86)/Arm GNU Toolchain arm-none-eabi/14.2 rel1/arm-none-eabi/include/sy
 151              		.file 4 "Drivers/CMSIS/Device/ST/STM32F4xx/Include/stm32f401xc.h"
 152              		.file 5 "Drivers/STM32F4xx_HAL_Driver/Inc/stm32f4xx_hal_gpio.h"
ARM GAS  C:\Users\denis\AppData\Local\Temp\ccyLdcWN.s 			page 5


DEFINED SYMBOLS
                            *ABS*:00000000 gpio.c
C:\Users\denis\AppData\Local\Temp\ccyLdcWN.s:21     .text.MX_GPIO_Init:00000000 $t
C:\Users\denis\AppData\Local\Temp\ccyLdcWN.s:27     .text.MX_GPIO_Init:00000000 MX_GPIO_Init
C:\Users\denis\AppData\Local\Temp\ccyLdcWN.s:142    .text.MX_GPIO_Init:00000078 $d

UNDEFINED SYMBOLS
HAL_GPIO_WritePin
HAL_GPIO_Init
